<?xml version="1.0" encoding="UTF-8"?>
<testng-results skipped="0" failed="0" ignored="0" total="1" passed="1">
  <reporter-output>
  </reporter-output>
  <suite name="Suite" duration-ms="40037" started-at="2018-12-22T21:06:52Z" finished-at="2018-12-22T21:07:32Z">
    <groups>
    </groups>
    <test name="Test" duration-ms="40037" started-at="2018-12-22T21:06:52Z" finished-at="2018-12-22T21:07:32Z">
      <class name="com.InternetBanking.testCases.LoginAlertValidation">
        <test-method status="PASS" signature="setup(java.lang.String)[pri:0, instance:com.InternetBanking.testCases.LoginAlertValidation@553f17c]" name="setup" is-config="true" duration-ms="9425" started-at="2018-12-22T21:06:53Z" finished-at="2018-12-22T21:07:02Z">
          <params>
            <param index="0">
              <value>
                <![CDATA[chrome]]>
              </value>
            </param>
          </params>
          <reporter-output>
          </reporter-output>
        </test-method> <!-- setup -->
        <test-method status="PASS" signature="AlertCheck()[pri:0, instance:com.InternetBanking.testCases.LoginAlertValidation@553f17c]" name="AlertCheck" duration-ms="30185" started-at="2018-12-22T21:07:02Z" finished-at="2018-12-22T21:07:32Z">
          <reporter-output>
          </reporter-output>
        </test-method> <!-- AlertCheck -->
      </class> <!-- com.InternetBanking.testCases.LoginAlertValidation -->
    </test> <!-- Test -->
  </suite> <!-- Suite -->
</testng-results>
